app/build/outputs/mapping/debug/mapping.txt
# compiler: R8
# compiler_version: 2.0.99
# min_api: 19
# pg_map_id: 1003fc7
# common_typos_disable
jcg.mini_dji_go_app.ConnectionActivity -> jcg.mini_dji_go_app.ConnectionActivity:
    java.lang.String TAG -> i
    android.widget.TextView mTextConnectionStatus -> a
    java.util.concurrent.atomic.AtomicBoolean isRegistrationInProgress -> g
    android.widget.TextView mTextModelAvailable -> c
    android.widget.TextView mTextProduct -> b
    dji.keysdk.callback.KeyListener firmVersionListener -> e
    java.lang.String[] REQUIRED_PERMISSION_LIST -> j
    java.util.List missingPermission -> h
    android.widget.Button mBtnOpen -> d
    dji.keysdk.DJIKey firmkey -> f
    46:47:void <clinit>() -> <clinit>
    44:75:void <init>() -> <init>
    44:44:void access$000(jcg.mini_dji_go_app.ConnectionActivity) -> a
    44:44:void access$100(jcg.mini_dji_go_app.ConnectionActivity) -> b
    44:44:java.lang.String access$200() -> c
    44:44:java.util.concurrent.atomic.AtomicBoolean access$300(jcg.mini_dji_go_app.ConnectionActivity) -> d
    44:44:void access$400(jcg.mini_dji_go_app.ConnectionActivity) -> e
    44:44:void access$500(jcg.mini_dji_go_app.ConnectionActivity) -> f
    44:44:android.widget.TextView access$600(jcg.mini_dji_go_app.ConnectionActivity) -> g
    86:100:void checkAndRequestPermissions() -> h
    262:270:void initUI() -> i
    185:198:void loginDJIUserAccount() -> j
    201:208:void notifyStatusChange() -> k
    340:365:void refreshSDKRelativeUI() -> l
    299:305:void showToast(java.lang.String) -> m
    103:181:void startSDKRegistration() -> n
jcg.mini_dji_go_app.ConnectionActivity$1 -> jcg.mini_dji_go_app.ConnectionActivity$a:
    jcg.mini_dji_go_app.ConnectionActivity this$0 -> a
    67:67:void <init>(jcg.mini_dji_go_app.ConnectionActivity) -> <init>
    70:71:void onValueChange(java.lang.Object,java.lang.Object) -> onValueChange
jcg.mini_dji_go_app.ConnectionActivity$2 -> jcg.mini_dji_go_app.ConnectionActivity$b:
    jcg.mini_dji_go_app.ConnectionActivity this$0 -> a
    104:104:void <init>(jcg.mini_dji_go_app.ConnectionActivity) -> <init>
    107:178:void run() -> run
jcg.mini_dji_go_app.ConnectionActivity$2$1 -> jcg.mini_dji_go_app.ConnectionActivity$b$a:
    jcg.mini_dji_go_app.ConnectionActivity$2 this$1 -> a
    107:107:void <init>(jcg.mini_dji_go_app.ConnectionActivity$2) -> <init>
    153:166:void onComponentChange(dji.sdk.base.BaseProduct$ComponentKey,dji.sdk.base.BaseComponent,dji.sdk.base.BaseComponent) -> onComponentChange
    176:176:void onDatabaseDownloadProgress(long,long) -> onDatabaseDownloadProgress
    171:171:void onInitProcess(dji.sdk.sdkmanager.DJISDKInitEvent,int) -> onInitProcess
    143:147:void onProductChanged(dji.sdk.base.BaseProduct) -> onProductChanged
    134:139:void onProductConnect(dji.sdk.base.BaseProduct) -> onProductConnect
    129:131:void onProductDisconnect() -> onProductDisconnect
    110:125:void onRegister(dji.common.error.DJIError) -> onRegister
jcg.mini_dji_go_app.ConnectionActivity$2$1$1 -> jcg.mini_dji_go_app.ConnectionActivity$b$a$a:
    jcg.mini_dji_go_app.ConnectionActivity$2$1 this$2 -> a
    114:114:void <init>(jcg.mini_dji_go_app.ConnectionActivity$2$1) -> <init>
    117:118:void run() -> run
jcg.mini_dji_go_app.ConnectionActivity$2$1$2 -> jcg.mini_dji_go_app.ConnectionActivity$b$a$b:
    jcg.mini_dji_go_app.ConnectionActivity$2$1 this$2 -> a
    157:157:void <init>(jcg.mini_dji_go_app.ConnectionActivity$2$1) -> <init>
    160:162:void onConnectivityChange(boolean) -> onConnectivityChange
jcg.mini_dji_go_app.ConnectionActivity$3 -> jcg.mini_dji_go_app.ConnectionActivity$c:
    jcg.mini_dji_go_app.ConnectionActivity this$0 -> a
    186:186:void <init>(jcg.mini_dji_go_app.ConnectionActivity) -> <init>
    189:190:void onSuccess(dji.common.useraccount.UserAccountState) -> a
    194:195:void onFailure(dji.common.error.DJIError) -> onFailure
    186:186:void onSuccess(java.lang.Object) -> onSuccess
...
com.mapzen.android.lost.internal.GeofenceIntentHelper -> com.mapzen.android.lost.internal.j:
    13:13:void <init>() -> <init>
    33:35:int extractIntentId(android.content.Intent) -> a
    18:29:int transitionForIntent(android.content.Intent) -> b
com.mapzen.android.lost.internal.GeofencingApiImpl -> com.mapzen.android.lost.internal.k:
    android.content.Context context -> a
    com.mapzen.android.lost.internal.IntentFactory dwellServiceIntentFactory -> b
    java.util.HashMap enteredFences -> e
    java.util.HashMap idToGeofence -> d
    java.util.HashMap idToPendingIntent -> c
    38:49:void <init>(com.mapzen.android.lost.internal.IntentFactory,com.mapzen.android.lost.internal.IntentFactory,com.mapzen.android.lost.internal.IdGenerator) -> <init>
    155:167:void geofenceEntered(com.mapzen.android.lost.api.Geofence,int) -> b
    170:176:void geofenceExited(com.mapzen.android.lost.api.Geofence) -> c
    151:151:com.mapzen.android.lost.api.Geofence geofenceForIntentId(int) -> d
    147:147:android.app.PendingIntent pendingIntentForIntentId(int) -> e
com.mapzen.android.lost.internal.GeofencingDwellManager -> com.mapzen.android.lost.internal.l:
    com.mapzen.android.lost.internal.GeofencingApiImpl geofencingApi -> a
    com.mapzen.android.lost.internal.GeofenceIntentHelper intentHelper -> b
    17:20:void <init>(com.mapzen.android.lost.api.GeofencingApi) -> <init>
    23:35:void handleIntent(android.content.Intent) -> a
com.mapzen.android.lost.internal.GeofencingIntentService -> com.mapzen.android.lost.internal.GeofencingIntentService:
    19:20:void <init>() -> <init>
    23:30:void onHandleIntent(android.content.Intent) -> onHandleIntent
com.mapzen.android.lost.internal.GeofencingServiceIntentFactory -> com.mapzen.android.lost.internal.m:
    7:7:void <init>() -> <init>
    10:10:android.content.Intent createIntent(android.content.Context) -> a
    15:15:android.app.PendingIntent createPendingIntent(android.content.Context,int,android.content.Intent) -> b
com.mapzen.android.lost.internal.GpxTraceThreadFactory -> com.mapzen.android.lost.internal.n:
    7:7:void <init>() -> <init>
    10:10:com.mapzen.android.lost.internal.TraceThread createTraceThread(android.content.Context,java.io.File,com.mapzen.android.lost.internal.MockEngine,com.mapzen.android.lost.internal.SleepFactory) -> a
com.mapzen.android.lost.internal.HandlerFactory -> com.mapzen.android.lost.internal.o:
    void run(android.os.Looper,java.lang.Runnable) -> a
com.mapzen.android.lost.internal.IFusedLocationProviderCallback -> com.mapzen.android.lost.internal.p:
    void onLocationAvailabilityChanged(com.mapzen.android.lost.api.LocationAvailability) -> i
    long pid() -> j
com.mapzen.android.lost.internal.IFusedLocationProviderCallback$Stub -> com.mapzen.android.lost.internal.p$a:
    14:16:void <init>() -> <init>
    34:34:android.os.IBinder asBinder() -> asBinder
    23:30:com.mapzen.android.lost.internal.IFusedLocationProviderCallback asInterface(android.os.IBinder) -> l
    38:82:boolean onTransact(int,android.os.Parcel,android.os.Parcel,int) -> onTransact
com.mapzen.android.lost.internal.IFusedLocationProviderCallback$Stub$Proxy -> com.mapzen.android.lost.internal.p$a$a:
    android.os.IBinder mRemote -> a
    88:90:void <init>(android.os.IBinder) -> <init>
    93:93:android.os.IBinder asBinder() -> asBinder
    139:157:void onLocationAvailabilityChanged(com.mapzen.android.lost.api.LocationAvailability) -> i
    101:114:long pid() -> j
    118:136:void onLocationChanged(android.location.Location) -> onLocationChanged