app/build/outputs/mapping/debug/usage.txt
jcg.mini_dji_go_app.R$string
jcg.mini_dji_go_app.MainActivity:
    private static final int MSG_WHAT_SHOW_TOAST
    private static final int MSG_WHAT_UPDATE_TITLE
jcg.mini_dji_go_app.R$integer
jcg.mini_dji_go_app.R$styleable
jcg.mini_dji_go_app.R$mipmap
jcg.mini_dji_go_app.BuildConfig
jcg.mini_dji_go_app.R$drawable
jcg.mini_dji_go_app.R$style
jcg.mini_dji_go_app.R$bool
jcg.mini_dji_go_app.R$layout
jcg.mini_dji_go_app.media.NativeHelper:
    public native java.lang.String codecinfotest()
    public void onFrameDataRecv(byte[],int,int,boolean,int,int)
jcg.mini_dji_go_app.R
jcg.mini_dji_go_app.R$attr
jcg.mini_dji_go_app.R$raw
jcg.mini_dji_go_app.media.DJIVideoStreamDecoder:
    public void destroy()
    public void onDataRecv(byte[],int,int,boolean,int,int)
    private long currentTime
    private static final int BUF_QUEUE_SIZE
    private static final int MSG_INIT_CODEC
    private static final int MSG_FRAME_QUEUE_IN
    private static final int MSG_DECODE_FRAME
    private static final int MSG_YUV_DATA
    public static final java.lang.String VIDEO_ENCODING_FORMAT
jcg.mini_dji_go_app.R$array
jcg.mini_dji_go_app.media.NativeHelper$NativeDataListener:
    public abstract void onDataRecv(byte[],int,int,boolean,int,int)
jcg.mini_dji_go_app.R$interpolator
jcg.mini_dji_go_app.R$xml
jcg.mini_dji_go_app.media.DJIVideoStreamDecoder$DJIFrame:
    public long getDecodingDelay()
    public long getTotalDelay()
    public long codecOutputTime
jcg.mini_dji_go_app.R$dimen
jcg.mini_dji_go_app.R$menu
jcg.mini_dji_go_app.R$anim
jcg.mini_dji_go_app.R$color
jcg.mini_dji_go_app.ConnectionActivity:
    private static final int REQUEST_PERMISSION_CODE
jcg.mini_dji_go_app.R$id
jcg.mini_dji_go_app.media.NativeHelper:
    private jcg.mini_dji_go_app.media.NativeHelper$NativeDataListener dataListener
    public static final java.lang.String TAG
jcg.mini_dji_go_app.media.DJIVideoStreamDecoder:
    private final boolean DEBUG
    private long createTime
jcg.mini_dji_go_app.media.DJIVideoStreamDecoder$1:
    final synthetic jcg.mini_dji_go_app.media.DJIVideoStreamDecoder this$0
...
com.qx.wz.dj.rtcm.PlanQueryListenerWrapper:
    public void <init>(com.qx.wz.dj.rtcm.QxRtcmPlanQueryListener,android.os.Looper)
com.vividsolutions.jts.precision.CommonBitsRemover$Translater
com.vividsolutions.jts.index.strtree.STRtree
com.vividsolutions.jts.noding.SinglePassNoder
com.vividsolutions.jts.precision.SimpleGeometryPrecisionReducer$PrecisionReducerCoordinateOperation
com.vividsolutions.jts.index.ItemVisitor
com.vividsolutions.jts.geom.CoordinateSequenceFactory
com.vividsolutions.jts.operation.linemerge.LineSequencer$1
com.mapzen.android.lost.internal.TraceThread:
    public boolean isCanceled()
    private static final java.lang.String TAG_TRACK_POINT
    private static final java.lang.String TAG_SPEED
    private static final java.lang.String TAG_LAT
    private static final java.lang.String TAG_LNG
com.vividsolutions.jts.operation.Counter
com.vividsolutions.jts.algorithm.MCPointInRing$MCSelecter
com.vividsolutions.jts.util.GeometricShapeFactory$Dimensions
com.vividsolutions.jts.geom.CoordinateSequences
com.vividsolutions.jts.noding.ScaledNoder
com.vividsolutions.jts.index.strtree.STRtree$4
com.vividsolutions.jts.geomgraph.NodeFactory
com.vividsolutions.jts.operation.valid.TopologyValidationError
com.vividsolutions.jts.geom.LinearRing
com.mapzen.lost.R$layout
com.vividsolutions.jts.index.SpatialIndex
com.vividsolutions.jts.operation.overlay.OverlayOp
com.mapzen.lost.R$bool
com.vividsolutions.jts.operation.overlay.OverlayNodeFactory
com.vividsolutions.jts.simplify.TaggedLineString
com.vividsolutions.jts.index.chain.MonotoneChainOverlapAction
com.vividsolutions.jts.index.strtree.Boundable
com.squareup.otto.Subscribe
com.vividsolutions.jts.noding.IntersectionAdder
com.vividsolutions.jts.geomgraph.EdgeEndStar
com.vividsolutions.jts.geom.util.NoninvertibleTransformationException
com.mapzen.lost.R$string
org.reactivestreams.Publisher
com.qx.wz.dj.rtcm.QxRtcmPlan
com.vividsolutions.jts.io.WKBReader
com.vividsolutions.jts.util.CoordinateCountFilter
com.vividsolutions.jts.geomgraph.EdgeNodingValidator
com.vividsolutions.jts.geom.Polygon
com.vividsolutions.jts.algorithm.CGAlgorithms
com.vividsolutions.jts.operation.linemerge.LineMergeGraph
com.vividsolutions.jts.geom.impl.PackedCoordinateSequence$Float
com.vividsolutions.jts.index.sweepline.SweepLineIndex
com.mapzen.android.lost.internal.LocationRequestReport:
    void <init>(com.mapzen.android.lost.api.LocationRequest)
com.mapzen.lost.R$drawable
com.mapzen.lost.R
com.mapzen.android.lost.internal.PendingIntentIdGenerator:
    public int generateId()
com.vividsolutions.jts.geom.util.GeometryEditor$GeometryEditorOperation
com.qx.wz.dj.rtcm.Constant
com.vividsolutions.jts.geom.MultiPolygon
com.vividsolutions.jts.io.WKBConstants
com.vividsolutions.jts.noding.OrientedCoordinateArray
com.vividsolutions.jts.geom.CoordinateArrays$ForwardComparator
com.vividsolutions.jts.geom.CoordinateArrays$BidirectionalComparator
com.mapzen.android.lost.api.GeofencingRequest$Builder
com.vividsolutions.jts.io.ByteArrayInStream
com.vividsolutions.jts.geom.IntersectionMatrix
com.vividsolutions.jts.geom.util.ShortCircuitedGeometryVisitor
com.vividsolutions.jts.operation.distance.DistanceOp
com.vividsolutions.jts.algorithm.MinimumDiameter